22:23:32 **** Build of project hdmi_app_bsp ****
make -k all 
Running Make include in ps7_cortexa9_0/libsrc/axivdma_v5_0/src
make -C ps7_cortexa9_0/libsrc/axivdma_v5_0/src -s include -e "SHELL=/bin/sh" "COMPILER=arm-xilinx-eabi-gcc" "ARCHIVER=arm-xilinx-eabi-ar" "COMPILER_FLAGS=  -O2 -c" "EXTRA_COMPILER_FLAGS=-g"
Running Make include in ps7_cortexa9_0/libsrc/cpu_cortexa9_v2_0/src
make -C ps7_cortexa9_0/libsrc/cpu_cortexa9_v2_0/src -s include -e "SHELL=/bin/sh" "COMPILER=arm-xilinx-eabi-gcc" "ARCHIVER=arm-xilinx-eabi-ar" "COMPILER_FLAGS=  -O2 -c" "EXTRA_COMPILER_FLAGS=-g"
Running Make include in ps7_cortexa9_0/libsrc/devcfg_v3_0/src
make -C ps7_cortexa9_0/libsrc/devcfg_v3_0/src -s include -e "SHELL=/bin/sh" "COMPILER=arm-xilinx-eabi-gcc" "ARCHIVER=arm-xilinx-eabi-ar" "COMPILER_FLAGS=  -O2 -c" "EXTRA_COMPILER_FLAGS=-g"
Running Make include in ps7_cortexa9_0/libsrc/dmaps_v2_0/src
make -C ps7_cortexa9_0/libsrc/dmaps_v2_0/src -s include -e "SHELL=/bin/sh" "COMPILER=arm-xilinx-eabi-gcc" "ARCHIVER=arm-xilinx-eabi-ar" "COMPILER_FLAGS=  -O2 -c" "EXTRA_COMPILER_FLAGS=-g"
Running Make include in ps7_cortexa9_0/libsrc/emacps_v2_0/src
make -C ps7_cortexa9_0/libsrc/emacps_v2_0/src -s include -e "SHELL=/bin/sh" "COMPILER=arm-xilinx-eabi-gcc" "ARCHIVER=arm-xilinx-eabi-ar" "COMPILER_FLAGS=  -O2 -c" "EXTRA_COMPILER_FLAGS=-g"
Running Make include in ps7_cortexa9_0/libsrc/gpiops_v2_0/src
make -C ps7_cortexa9_0/libsrc/gpiops_v2_0/src -s include -e "SHELL=/bin/sh" "COMPILER=arm-xilinx-eabi-gcc" "ARCHIVER=arm-xilinx-eabi-ar" "COMPILER_FLAGS=  -O2 -c" "EXTRA_COMPILER_FLAGS=-g"
Running Make include in ps7_cortexa9_0/libsrc/iic_v3_0/src
make -C ps7_cortexa9_0/libsrc/iic_v3_0/src -s include -e "SHELL=/bin/sh" "COMPILER=arm-xilinx-eabi-gcc" "ARCHIVER=arm-xilinx-eabi-ar" "COMPILER_FLAGS=  -O2 -c" "EXTRA_COMPILER_FLAGS=-g"
Running Make include in ps7_cortexa9_0/libsrc/qspips_v3_0/src
make -C ps7_cortexa9_0/libsrc/qspips_v3_0/src -s include -e "SHELL=/bin/sh" "COMPILER=arm-xilinx-eabi-gcc" "ARCHIVER=arm-xilinx-eabi-ar" "COMPILER_FLAGS=  -O2 -c" "EXTRA_COMPILER_FLAGS=-g"
Running Make include in ps7_cortexa9_0/libsrc/scugic_v2_0/src
make -C ps7_cortexa9_0/libsrc/scugic_v2_0/src -s include -e "SHELL=/bin/sh" "COMPILER=arm-xilinx-eabi-gcc" "ARCHIVER=arm-xilinx-eabi-ar" "COMPILER_FLAGS=  -O2 -c" "EXTRA_COMPILER_FLAGS=-g"
Running Make include in ps7_cortexa9_0/libsrc/scutimer_v2_0/src
make -C ps7_cortexa9_0/libsrc/scutimer_v2_0/src -s include -e "SHELL=/bin/sh" "COMPILER=arm-xilinx-eabi-gcc" "ARCHIVER=arm-xilinx-eabi-ar" "COMPILER_FLAGS=  -O2 -c" "EXTRA_COMPILER_FLAGS=-g"
Running Make include in ps7_cortexa9_0/libsrc/scuwdt_v2_0/src
make -C ps7_cortexa9_0/libsrc/scuwdt_v2_0/src -s include -e "SHELL=/bin/sh" "COMPILER=arm-xilinx-eabi-gcc" "ARCHIVER=arm-xilinx-eabi-ar" "COMPILER_FLAGS=  -O2 -c" "EXTRA_COMPILER_FLAGS=-g"
Running Make include in ps7_cortexa9_0/libsrc/sdps_v2_0/src
make -C ps7_cortexa9_0/libsrc/sdps_v2_0/src -s include -e "SHELL=/bin/sh" "COMPILER=arm-xilinx-eabi-gcc" "ARCHIVER=arm-xilinx-eabi-ar" "COMPILER_FLAGS=  -O2 -c" "EXTRA_COMPILER_FLAGS=-g"
Running Make include in ps7_cortexa9_0/libsrc/standalone_v4_0/src
make -C ps7_cortexa9_0/libsrc/standalone_v4_0/src -s include -e "SHELL=/bin/sh" "COMPILER=arm-xilinx-eabi-gcc" "ARCHIVER=arm-xilinx-eabi-ar" "COMPILER_FLAGS=  -O2 -c" "EXTRA_COMPILER_FLAGS=-g"
make[2]: Entering directory `/home/esd/Lab2/Lab2.1/Lab2.1.sdk/SDK/SDK_Export/hdmi_app_bsp/ps7_cortexa9_0/libsrc/standalone_v4_0/src/profile'
cp -rf profile.h mblaze_nt_types.h _profile_timer_hw.h ../../../../include
make[2]: Leaving directory `/home/esd/Lab2/Lab2.1/Lab2.1.sdk/SDK/SDK_Export/hdmi_app_bsp/ps7_cortexa9_0/libsrc/standalone_v4_0/src/profile'
Running Make include in ps7_cortexa9_0/libsrc/ttcps_v2_0/src
make -C ps7_cortexa9_0/libsrc/ttcps_v2_0/src -s include -e "SHELL=/bin/sh" "COMPILER=arm-xilinx-eabi-gcc" "ARCHIVER=arm-xilinx-eabi-ar" "COMPILER_FLAGS=  -O2 -c" "EXTRA_COMPILER_FLAGS=-g"
Running Make include in ps7_cortexa9_0/libsrc/uartps_v2_0/src
make -C ps7_cortexa9_0/libsrc/uartps_v2_0/src -s include -e "SHELL=/bin/sh" "COMPILER=arm-xilinx-eabi-gcc" "ARCHIVER=arm-xilinx-eabi-ar" "COMPILER_FLAGS=  -O2 -c" "EXTRA_COMPILER_FLAGS=-g"
Running Make include in ps7_cortexa9_0/libsrc/usbps_v2_0/src
make -C ps7_cortexa9_0/libsrc/usbps_v2_0/src -s include -e "SHELL=/bin/sh" "COMPILER=arm-xilinx-eabi-gcc" "ARCHIVER=arm-xilinx-eabi-ar" "COMPILER_FLAGS=  -O2 -c" "EXTRA_COMPILER_FLAGS=-g"
Running Make include in ps7_cortexa9_0/libsrc/vtc_v6_0/src
make -C ps7_cortexa9_0/libsrc/vtc_v6_0/src -s include -e "SHELL=/bin/sh" "COMPILER=arm-xilinx-eabi-gcc" "ARCHIVER=arm-xilinx-eabi-ar" "COMPILER_FLAGS=  -O2 -c" "EXTRA_COMPILER_FLAGS=-g"
Running Make include in ps7_cortexa9_0/libsrc/xadcps_v2_0/src
make -C ps7_cortexa9_0/libsrc/xadcps_v2_0/src -s include -e "SHELL=/bin/sh" "COMPILER=arm-xilinx-eabi-gcc" "ARCHIVER=arm-xilinx-eabi-ar" "COMPILER_FLAGS=  -O2 -c" "EXTRA_COMPILER_FLAGS=-g"
Running Make libs in ps7_cortexa9_0/libsrc/axivdma_v5_0/src
make -C ps7_cortexa9_0/libsrc/axivdma_v5_0/src -s libs -e "SHELL=/bin/sh" "COMPILER=arm-xilinx-eabi-gcc" "ARCHIVER=arm-xilinx-eabi-ar" "COMPILER_FLAGS=  -O2 -c" "EXTRA_COMPILER_FLAGS=-g"
Compiling axivdma
arm-xilinx-eabi-ar: creating ../../../lib/libxil.a
make[2]: Entering directory `/home/esd/Lab2/Lab2.1/Lab2.1.sdk/SDK/SDK_Export/hdmi_app_bsp/ps7_cortexa9_0/libsrc/axivdma_v5_0/src'
rm -rf *.o 
make[2]: Leaving directory `/home/esd/Lab2/Lab2.1/Lab2.1.sdk/SDK/SDK_Export/hdmi_app_bsp/ps7_cortexa9_0/libsrc/axivdma_v5_0/src'
Running Make libs in ps7_cortexa9_0/libsrc/cpu_cortexa9_v2_0/src
make -C ps7_cortexa9_0/libsrc/cpu_cortexa9_v2_0/src -s libs -e "SHELL=/bin/sh" "COMPILER=arm-xilinx-eabi-gcc" "ARCHIVER=arm-xilinx-eabi-ar" "COMPILER_FLAGS=  -O2 -c" "EXTRA_COMPILER_FLAGS=-g"
Compiling cpu_cortexa9
Running Make libs in ps7_cortexa9_0/libsrc/devcfg_v3_0/src
make -C ps7_cortexa9_0/libsrc/devcfg_v3_0/src -s libs -e "SHELL=/bin/sh" "COMPILER=arm-xilinx-eabi-gcc" "ARCHIVER=arm-xilinx-eabi-ar" "COMPILER_FLAGS=  -O2 -c" "EXTRA_COMPILER_FLAGS=-g"
Compiling devcfg
Running Make libs in ps7_cortexa9_0/libsrc/dmaps_v2_0/src
make -C ps7_cortexa9_0/libsrc/dmaps_v2_0/src -s libs -e "SHELL=/bin/sh" "COMPILER=arm-xilinx-eabi-gcc" "ARCHIVER=arm-xilinx-eabi-ar" "COMPILER_FLAGS=  -O2 -c" "EXTRA_COMPILER_FLAGS=-g"
Compiling dmaps
Running Make libs in ps7_cortexa9_0/libsrc/emacps_v2_0/src
make -C ps7_cortexa9_0/libsrc/emacps_v2_0/src -s libs -e "SHELL=/bin/sh" "COMPILER=arm-xilinx-eabi-gcc" "ARCHIVER=arm-xilinx-eabi-ar" "COMPILER_FLAGS=  -O2 -c" "EXTRA_COMPILER_FLAGS=-g"
Compiling emacps
Running Make libs in ps7_cortexa9_0/libsrc/gpiops_v2_0/src
make -C ps7_cortexa9_0/libsrc/gpiops_v2_0/src -s libs -e "SHELL=/bin/sh" "COMPILER=arm-xilinx-eabi-gcc" "ARCHIVER=arm-xilinx-eabi-ar" "COMPILER_FLAGS=  -O2 -c" "EXTRA_COMPILER_FLAGS=-g"
Compiling gpiops
Running Make libs in ps7_cortexa9_0/libsrc/iic_v3_0/src
make -C ps7_cortexa9_0/libsrc/iic_v3_0/src -s libs -e "SHELL=/bin/sh" "COMPILER=arm-xilinx-eabi-gcc" "ARCHIVER=arm-xilinx-eabi-ar" "COMPILER_FLAGS=  -O2 -c" "EXTRA_COMPILER_FLAGS=-g"
Compiling iic
make[2]: Entering directory `/home/esd/Lab2/Lab2.1/Lab2.1.sdk/SDK/SDK_Export/hdmi_app_bsp/ps7_cortexa9_0/libsrc/iic_v3_0/src'
rm -rf *.o 
make[2]: Leaving directory `/home/esd/Lab2/Lab2.1/Lab2.1.sdk/SDK/SDK_Export/hdmi_app_bsp/ps7_cortexa9_0/libsrc/iic_v3_0/src'
Running Make libs in ps7_cortexa9_0/libsrc/qspips_v3_0/src
make -C ps7_cortexa9_0/libsrc/qspips_v3_0/src -s libs -e "SHELL=/bin/sh" "COMPILER=arm-xilinx-eabi-gcc" "ARCHIVER=arm-xilinx-eabi-ar" "COMPILER_FLAGS=  -O2 -c" "EXTRA_COMPILER_FLAGS=-g"
Compiling qspips
Running Make libs in ps7_cortexa9_0/libsrc/scugic_v2_0/src
make -C ps7_cortexa9_0/libsrc/scugic_v2_0/src -s libs -e "SHELL=/bin/sh" "COMPILER=arm-xilinx-eabi-gcc" "ARCHIVER=arm-xilinx-eabi-ar" "COMPILER_FLAGS=  -O2 -c" "EXTRA_COMPILER_FLAGS=-g"
Compiling scugic
Running Make libs in ps7_cortexa9_0/libsrc/scutimer_v2_0/src
make -C ps7_cortexa9_0/libsrc/scutimer_v2_0/src -s libs -e "SHELL=/bin/sh" "COMPILER=arm-xilinx-eabi-gcc" "ARCHIVER=arm-xilinx-eabi-ar" "COMPILER_FLAGS=  -O2 -c" "EXTRA_COMPILER_FLAGS=-g"
Compiling scutimer
Running Make libs in ps7_cortexa9_0/libsrc/scuwdt_v2_0/src
make -C ps7_cortexa9_0/libsrc/scuwdt_v2_0/src -s libs -e "SHELL=/bin/sh" "COMPILER=arm-xilinx-eabi-gcc" "ARCHIVER=arm-xilinx-eabi-ar" "COMPILER_FLAGS=  -O2 -c" "EXTRA_COMPILER_FLAGS=-g"
Compiling scuwdt
Running Make libs in ps7_cortexa9_0/libsrc/sdps_v2_0/src
make -C ps7_cortexa9_0/libsrc/sdps_v2_0/src -s libs -e "SHELL=/bin/sh" "COMPILER=arm-xilinx-eabi-gcc" "ARCHIVER=arm-xilinx-eabi-ar" "COMPILER_FLAGS=  -O2 -c" "EXTRA_COMPILER_FLAGS=-g"
Compiling sdps
Running Make libs in ps7_cortexa9_0/libsrc/standalone_v4_0/src
make -C ps7_cortexa9_0/libsrc/standalone_v4_0/src -s libs -e "SHELL=/bin/sh" "COMPILER=arm-xilinx-eabi-gcc" "ARCHIVER=arm-xilinx-eabi-ar" "COMPILER_FLAGS=  -O2 -c" "EXTRA_COMPILER_FLAGS=-g"
Compiling standalone
Running Make libs in ps7_cortexa9_0/libsrc/ttcps_v2_0/src
make -C ps7_cortexa9_0/libsrc/ttcps_v2_0/src -s libs -e "SHELL=/bin/sh" "COMPILER=arm-xilinx-eabi-gcc" "ARCHIVER=arm-xilinx-eabi-ar" "COMPILER_FLAGS=  -O2 -c" "EXTRA_COMPILER_FLAGS=-g"
Compiling ttcps
Running Make libs in ps7_cortexa9_0/libsrc/uartps_v2_0/src
make -C ps7_cortexa9_0/libsrc/uartps_v2_0/src -s libs -e "SHELL=/bin/sh" "COMPILER=arm-xilinx-eabi-gcc" "ARCHIVER=arm-xilinx-eabi-ar" "COMPILER_FLAGS=  -O2 -c" "EXTRA_COMPILER_FLAGS=-g"
Compiling uartps
Running Make libs in ps7_cortexa9_0/libsrc/usbps_v2_0/src
make -C ps7_cortexa9_0/libsrc/usbps_v2_0/src -s libs -e "SHELL=/bin/sh" "COMPILER=arm-xilinx-eabi-gcc" "ARCHIVER=arm-xilinx-eabi-ar" "COMPILER_FLAGS=  -O2 -c" "EXTRA_COMPILER_FLAGS=-g"
Compiling usbps
Running Make libs in ps7_cortexa9_0/libsrc/vtc_v6_0/src
make -C ps7_cortexa9_0/libsrc/vtc_v6_0/src -s libs -e "SHELL=/bin/sh" "COMPILER=arm-xilinx-eabi-gcc" "ARCHIVER=arm-xilinx-eabi-ar" "COMPILER_FLAGS=  -O2 -c" "EXTRA_COMPILER_FLAGS=-g"
Compiling video timing controller
make[2]: Entering directory `/home/esd/Lab2/Lab2.1/Lab2.1.sdk/SDK/SDK_Export/hdmi_app_bsp/ps7_cortexa9_0/libsrc/vtc_v6_0/src'
rm -rf *.o 
make[2]: Leaving directory `/home/esd/Lab2/Lab2.1/Lab2.1.sdk/SDK/SDK_Export/hdmi_app_bsp/ps7_cortexa9_0/libsrc/vtc_v6_0/src'
Running Make libs in ps7_cortexa9_0/libsrc/xadcps_v2_0/src
make -C ps7_cortexa9_0/libsrc/xadcps_v2_0/src -s libs -e "SHELL=/bin/sh" "COMPILER=arm-xilinx-eabi-gcc" "ARCHIVER=arm-xilinx-eabi-ar" "COMPILER_FLAGS=  -O2 -c" "EXTRA_COMPILER_FLAGS=-g"
Compiling xadcps
Finished building libraries

22:24:06 Build Finished (took 34s.160ms)

