20:16:57 **** Build of project petalinux_bsp_1 ****
make -k all 
libgen -hw ../hw_platform_0/system.xml\
	       -lp /opt/PetaLinux/petalinux-v2013.10-final/components/edk_user_repository\
	       -pe ps7_cortexa9_0 \
	       -log libgen.log \
	       system.mss
libgen
Xilinx EDK 2013.4 Build EDK_2013.4.20131205
Copyright (c) 1995-2012 Xilinx, Inc.  All rights reserved.

Command Line: libgen -hw ../hw_platform_0/system.xml -lp
/opt/PetaLinux/petalinux-v2013.10-final/components/edk_user_repository -pe
ps7_cortexa9_0 -log libgen.log system.mss 


Staging source files.
Running DRCs.
#-------------------------------------------------
# Top Level BSP DRC for Petalinux...
# Created by: Michal Simek
# version: petalinux_v2_00_a
#-------------------------------------------------
project_folder=/home/xyin/Embedded_System_Lab/project_1_2_2/project_1_2_2.sdk/SD
K/SDK_Export/petalinux_bsp_1/ps7_cortexa9_0/libsrc/petalinux_v2_00_a/../../..

BSP name: device-tree_v1_01_a device-tree_v2_1_0.tcl
Calling device-tree_v1_01_a ::drc
#--------------------------------------
# device-tree BSP DRC...
#--------------------------------------

BSP name: uboot_v4_00_c uboot_v2_1_0.tcl
Calling uboot_v4_00_c ::drc
#--------------------------------------
# uboot BSP DRC...
#--------------------------------------

BSP name: linux-kconfig_v1_00_a linux-kconfig_v2_1_0.tcl
Calling linux-kconfig_v1_00_a ::drc
#--------------------------------------
# Linux-Kconfig Kconfig BSP DRC...
#--------------------------------------
Running generate.
project_folder=/home/xyin/Embedded_System_Lab/project_1_2_2/project_1_2_2.sdk/SD
K/SDK_Export/petalinux_bsp_1/ps7_cortexa9_0/libsrc/petalinux_v2_00_a/../../..
#--------------------------------------
# Standalone BSP generate...
#--------------------------------------
Standalone BSP standalone_v3_12_a
/opt/Xilinx/SDK/2013.4/sw/lib/bsp/standalone_v3_12_a/src/common ./src/
Calling standalone::generate

BSP name: device-tree_v1_01_a device-tree_v2_1_0.tcl
Calling device-tree_v1_01_a ::generate
#--------------------------------------
# device-tree BSP generate...
#--------------------------------------
--- device tree generator version: v1.1 ---
generating xilinx.dts
Clock Port Summary:
ps7_uart_1.S_AXI_ACLK connected to ps7_axi_interconnect_0_M_AXI_ACLK:
    CLK_FREQ_HZ = WARNING: no frequency found!
ps7_qspi_0.S_AXI_ACLK connected to ps7_axi_interconnect_0_M_AXI_ACLK:
    CLK_FREQ_HZ = WARNING: no frequency found!
ps7_qspi_linear_0.S_AXI_ACLK connected to ps7_axi_interconnect_0_M_AXI_ACLK:
    CLK_FREQ_HZ = WARNING: no frequency found!
ps7_axi_interconnect_0.M_AXI_ACLK connected to
ps7_axi_interconnect_0_M_AXI_ACLK:
    CLK_FREQ_HZ = WARNING: no frequency found!
ps7_cortexa9_0.M_AXI_DP_ACLK connected to
ps7_axi_interconnect_0_S_AXI_CTRL_ACLK:
    CLK_FREQ_HZ = WARNING: no frequency found!
ps7_cortexa9_1.M_AXI_DP_ACLK connected to
ps7_axi_interconnect_0_S_AXI_CTRL_ACLK:
    CLK_FREQ_HZ = WARNING: no frequency found!
ps7_ddr_0.S_AXI_ACLK connected to ps7_axi_interconnect_0_M_AXI_ACLK:
    CLK_FREQ_HZ = WARNING: no frequency found!
ps7_ethernet_0.S_AXI_ACLK connected to ps7_axi_interconnect_0_M_AXI_ACLK:
    CLK_FREQ_HZ = WARNING: no frequency found!
ps7_sd_0.S_AXI_ACLK connected to ps7_axi_interconnect_0_M_AXI_ACLK:
    CLK_FREQ_HZ = WARNING: no frequency found!
ps7_ttc_0.S_AXI_ACLK connected to ps7_axi_interconnect_0_M_AXI_ACLK:
    CLK_FREQ_HZ = WARNING: no frequency found!
ps7_gpio_0.S_AXI_ACLK connected to ps7_axi_interconnect_0_M_AXI_ACLK:
    CLK_FREQ_HZ = WARNING: no frequency found!
ps7_ddrc_0.S_AXI_ACLK connected to ps7_axi_interconnect_0_M_AXI_ACLK:
    CLK_FREQ_HZ = WARNING: no frequency found!
ps7_dev_cfg_0.S_AXI_ACLK connected to ps7_axi_interconnect_0_M_AXI_ACLK:
    CLK_FREQ_HZ = WARNING: no frequency found!
ps7_xadc_0.S_AXI_ACLK connected to ps7_axi_interconnect_0_M_AXI_ACLK:
    CLK_FREQ_HZ = WARNING: no frequency found!
ps7_ocmc_0.S_AXI_ACLK connected to ps7_axi_interconnect_0_M_AXI_ACLK:
    CLK_FREQ_HZ = WARNING: no frequency found!
ps7_coresight_comp_0.S_AXI_ACLK connected to ps7_axi_interconnect_0_M_AXI_ACLK:
    CLK_FREQ_HZ = WARNING: no frequency found!
ps7_gpv_0.S_AXI_ACLK connected to ps7_axi_interconnect_0_M_AXI_ACLK:
    CLK_FREQ_HZ = WARNING: no frequency found!
ps7_scuc_0.S_AXI_ACLK connected to ps7_axi_interconnect_0_M_AXI_ACLK:
    CLK_FREQ_HZ = WARNING: no frequency found!
ps7_globaltimer_0.S_AXI_ACLK connected to ps7_axi_interconnect_0_M_AXI_ACLK:
    CLK_FREQ_HZ = WARNING: no frequency found!
ps7_intc_dist_0.S_AXI_ACLK connected to ps7_axi_interconnect_0_M_AXI_ACLK:
    CLK_FREQ_HZ = WARNING: no frequency found!
ps7_l2cachec_0.S_AXI_ACLK connected to ps7_axi_interconnect_0_M_AXI_ACLK:
    CLK_FREQ_HZ = WARNING: no frequency found!
ps7_dma_s.S_AXI_ACLK connected to ps7_axi_interconnect_0_M_AXI_ACLK:
    CLK_FREQ_HZ = WARNING: no frequency found!
ps7_iop_bus_config_0.S_AXI_ACLK connected to ps7_axi_interconnect_0_M_AXI_ACLK:
    CLK_FREQ_HZ = WARNING: no frequency found!
ps7_ram_0.S_AXI_ACLK connected to ps7_axi_interconnect_0_M_AXI_ACLK:
    CLK_FREQ_HZ = WARNING: no frequency found!
ps7_ram_1.S_AXI_ACLK connected to ps7_axi_interconnect_0_M_AXI_ACLK:
    CLK_FREQ_HZ = WARNING: no frequency found!
ps7_scugic_0.S_AXI_ACLK connected to ps7_axi_interconnect_0_M_AXI_ACLK:
    CLK_FREQ_HZ = WARNING: no frequency found!
ps7_scutimer_0.S_AXI_ACLK connected to ps7_axi_interconnect_0_M_AXI_ACLK:
    CLK_FREQ_HZ = WARNING: no frequency found!
ps7_scuwdt_0.S_AXI_ACLK connected to ps7_axi_interconnect_0_M_AXI_ACLK:
    CLK_FREQ_HZ = WARNING: no frequency found!
ps7_slcr_0.S_AXI_ACLK connected to ps7_axi_interconnect_0_M_AXI_ACLK:
    CLK_FREQ_HZ = WARNING: no frequency found!
ps7_dma_ns.S_AXI_ACLK connected to ps7_axi_interconnect_0_M_AXI_ACLK:
    CLK_FREQ_HZ = WARNING: no frequency found!
ps7_afi_0.S_AXI_ACLK connected to ps7_axi_interconnect_0_M_AXI_ACLK:
    CLK_FREQ_HZ = WARNING: no frequency found!
ps7_afi_1.S_AXI_ACLK connected to ps7_axi_interconnect_0_M_AXI_ACLK:
    CLK_FREQ_HZ = WARNING: no frequency found!
ps7_afi_2.S_AXI_ACLK connected to ps7_axi_interconnect_0_M_AXI_ACLK:
    CLK_FREQ_HZ = WARNING: no frequency found!
ps7_afi_3.S_AXI_ACLK connected to ps7_axi_interconnect_0_M_AXI_ACLK:
    CLK_FREQ_HZ = WARNING: no frequency found!
IP connected to bus: ps7_axi_interconnect_0
-master M_AXI_DP ps7_axi_interconnect_0 ps7_cortexa9_0
-master M_AXI_DP ps7_axi_interconnect_0 ps7_cortexa9_1
-slave S_AXI ps7_axi_interconnect_0 ps7_uart_1
-slave S_AXI ps7_axi_interconnect_0 ps7_qspi_0
-slave S_AXI ps7_axi_interconnect_0 ps7_qspi_linear_0
-slave S_AXI ps7_axi_interconnect_0 ps7_ddr_0
-slave S_AXI ps7_axi_interconnect_0 ps7_ethernet_0
-slave S_AXI ps7_axi_interconnect_0 ps7_sd_0
-slave S_AXI ps7_axi_interconnect_0 ps7_ttc_0
-slave S_AXI ps7_axi_interconnect_0 ps7_gpio_0
-slave S_AXI ps7_axi_interconnect_0 ps7_ddrc_0
-slave S_AXI ps7_axi_interconnect_0 ps7_dev_cfg_0
-slave S_AXI ps7_axi_interconnect_0 ps7_xadc_0
-slave S_AXI ps7_axi_interconnect_0 ps7_ocmc_0
-slave S_AXI ps7_axi_interconnect_0 ps7_coresight_comp_0
-slave S_AXI ps7_axi_interconnect_0 ps7_gpv_0
-slave S_AXI ps7_axi_interconnect_0 ps7_scuc_0
-slave S_AXI ps7_axi_interconnect_0 ps7_globaltimer_0
-slave S_AXI ps7_axi_interconnect_0 ps7_intc_dist_0
-slave S_AXI ps7_axi_interconnect_0 ps7_l2cachec_0
-slave S_AXI ps7_axi_interconnect_0 ps7_dma_s
-slave S_AXI ps7_axi_interconnect_0 ps7_iop_bus_config_0
-slave S_AXI ps7_axi_interconnect_0 ps7_ram_0
-slave S_AXI ps7_axi_interconnect_0 ps7_ram_1
-slave S_AXI ps7_axi_interconnect_0 ps7_scugic_0
-slave S_AXI ps7_axi_interconnect_0 ps7_scutimer_0
-slave S_AXI ps7_axi_interconnect_0 ps7_scuwdt_0
-slave S_AXI ps7_axi_interconnect_0 ps7_slcr_0
-slave S_AXI ps7_axi_interconnect_0 ps7_dma_ns
-slave S_AXI ps7_axi_interconnect_0 ps7_afi_0
-slave S_AXI ps7_axi_interconnect_0 ps7_afi_1
-slave S_AXI ps7_axi_interconnect_0 ps7_afi_2
-slave S_AXI ps7_axi_interconnect_0 ps7_afi_3
-slave ps7_afi_0
IP 43987136 ps7_afi_0 is already appended - skip it
-slave ps7_afi_1
IP 43987536 ps7_afi_1 is already appended - skip it
-slave ps7_afi_2
IP 43987936 ps7_afi_2 is already appended - skip it
-slave ps7_afi_3
IP 43988336 ps7_afi_3 is already appended - skip it
-slave ps7_coresight_comp_0
IP 43981136 ps7_coresight_comp_0 is already appended - skip it
-slave ps7_ddr_0
IP 39713728 ps7_ddr_0 is already appended - skip it
-slave ps7_ddrc_0
IP 43964176 ps7_ddrc_0 is already appended - skip it
-slave ps7_dev_cfg_0
IP 43964576 ps7_dev_cfg_0 is already appended - skip it
-slave ps7_dma_ns
-slave ps7_dma_s
IP 43983536 ps7_dma_s is already appended - skip it
-slave ps7_ethernet_0
IP 39712144 ps7_ethernet_0 is already appended - skip it
-slave ps7_globaltimer_0
IP 43982336 ps7_globaltimer_0 is already appended - skip it
-slave ps7_gpio_0
IP 43963776 ps7_gpio_0 is already appended - skip it
-slave ps7_gpv_0
IP 43981536 ps7_gpv_0 is already appended - skip it
-slave ps7_intc_dist_0
IP 43982736 ps7_intc_dist_0 is already appended - skip it
-slave ps7_iop_bus_config_0
IP 43983936 ps7_iop_bus_config_0 is already appended - skip it
-slave ps7_l2cachec_0
IP 43983136 ps7_l2cachec_0 is already appended - skip it
-slave ps7_ocmc_0
IP 44472096 ps7_ocmc_0 is already appended - skip it
-slave ps7_qspi_0
IP 39716048 ps7_qspi_0 is already appended - skip it
-slave ps7_qspi_linear_0
IP 36044000 ps7_qspi_linear_0 is already appended - skip it
-slave ps7_ram_0
IP 43984336 ps7_ram_0 is already appended - skip it
-slave ps7_ram_1
IP 43984736 ps7_ram_1 is already appended - skip it
-slave ps7_scuc_0
IP 43981936 ps7_scuc_0 is already appended - skip it
-slave ps7_scugic_0
IP 43985136 ps7_scugic_0 is already appended - skip it
-slave ps7_scutimer_0
IP 43985536 ps7_scutimer_0 is already appended - skip it
-slave ps7_scuwdt_0
IP 43985936 ps7_scuwdt_0 is already appended - skip it
-slave ps7_sd_0
IP 39712544 ps7_sd_0 is already appended - skip it
-slave ps7_slcr_0
IP 43986336 ps7_slcr_0 is already appended - skip it
-slave ps7_ttc_0
IP 43963376 ps7_ttc_0 is already appended - skip it
-slave ps7_uart_1
IP 39715456 ps7_uart_1 is already appended - skip it
-slave ps7_xadc_0
IP 43964976 ps7_xadc_0 is already appended - skip it
ps7_ocmc_0
ps7_coresight_comp_0
ps7_gpv_0
ps7_scuc_0
ps7_globaltimer_0
ps7_intc_dist_0
ps7_l2cachec_0
ps7_afi_0
ps7_afi_1
ps7_afi_2
ps7_afi_3
{serial0 aliasref ps7_uart_1 0} {spi0 aliasref ps7_qspi_0 0} {ethernet0 aliasref
ps7_ethernet_0 0}

BSP name: uboot_v4_00_c uboot_v2_1_0.tcl
Calling uboot_v4_00_c ::generate
#--------------------------------------
# uboot BSP generate...
#--------------------------------------
/* Main Memory is ps7_ddr_0 */
INFO automatic U-BOOT position = 0x1fc00000

BSP name: linux-kconfig_v1_00_a linux-kconfig_v2_1_0.tcl
Calling linux-kconfig_v1_00_a ::generate
#--------------------------------------
# Linux-Kconfig BSP generate...
#--------------------------------------
Running post_generate.
Running include - 'gmake -s include "COMPILER=arm-xilinx-eabi-gcc"
"ARCHIVER=arm-xilinx-eabi-ar" "COMPILER_FLAGS= -O2 -c"
"EXTRA_COMPILER_FLAGS=-g"'.

Running libs - 'gmake -s libs "COMPILER=arm-xilinx-eabi-gcc"
"ARCHIVER=arm-xilinx-eabi-ar" "COMPILER_FLAGS= -O2 -c"
"EXTRA_COMPILER_FLAGS=-g"'.
Compiling standalone
arm-xilinx-eabi-ar: creating ../../../lib/libxil.a
Compiling devcfg
Compiling dmaps
Compiling emacps
Compiling gpiops
Compiling qspips
Compiling scugic
Compiling scutimer
Compiling scuwdt
Compiling sdps
Compiling ttcps
Compiling uartps
Compiling xadcps
Compiling cpu_cortexa9
Running execs_generate.
Finished building libraries

20:17:10 Build Finished (took 12s.847ms)

