Copyright 1986-1999, 2001-2013 Xilinx, Inc. All Rights Reserved.
-------------------------------------------------------------------------------------------------------------------------------
| Tool Version     : Vivado v.2013.4 (lin64) Build 353583 Mon Dec  9 17:26:26 MST 2013
| Date             : Mon Apr 30 20:25:41 2018
| Host             : xyin-ThinkPad-X200 running 64-bit Ubuntu 14.04.5 LTS
| Command          : report_power -file tutorial_wrapper_power_routed.rpt -pb tutorial_wrapper_power_summary_routed.pb
| Design           : tutorial_wrapper
| Device           : xc7z020clg484-1
| Design State     : Routed
| Grade            : commercial
| Process          : typical
| Characterization : Production
-------------------------------------------------------------------------------------------------------------------------------

Power Report

Table of Contents
-----------------
1. Summary
1.1 On-Chip Components
1.2 Power Supply Summary
1.3 Confidence Level
2. Settings
2.1 Environment
2.2 Clock Constraints
3. Detailed Reports
3.1 By Hierarchy

1. Summary
----------

+--------------------------+--------+
| Total On-Chip Power (W)  | 1.661  |
| Dynamic (W)              | 1.509  |
| Device Static (W)        | 0.152  |
| Total Off-Chip Power (W) | 0.121  |
| Effective TJA (C/W)      | 11.5   |
| Max Ambient (C)          | 65.8   |
| Junction Temperature (C) | 44.2   |
| Confidence Level         | Medium |
| Setting File             | ---    |
| Simulation Activity File | ---    |
| Design Nets Matched      | NA     |
+--------------------------+--------+


1.1 On-Chip Components
----------------------

+--------------------------+-----------+----------+-----------+-----------------+
| On-Chip                  | Power (W) | Used     | Available | Utilization (%) |
+--------------------------+-----------+----------+-----------+-----------------+
| Clocks                   |     0.057 |       10 |       --- |             --- |
| Slice Logic              |     0.007 |    12387 |       --- |             --- |
|   LUT as Logic           |     0.007 |     4317 |     53200 |            8.11 |
|   Register               |    <0.001 |     6246 |    106400 |            5.87 |
|   CARRY4                 |    <0.001 |      187 |     13300 |            1.40 |
|   LUT as Distributed RAM |    <0.001 |       75 |     17400 |            0.43 |
|   LUT as Shift Register  |    <0.001 |      225 |     17400 |            1.29 |
|   F7/F8 Muxes            |    <0.001 |      104 |     53200 |            0.19 |
|   Others                 |     0.000 |      309 |       --- |             --- |
| Signals                  |     0.012 |     8107 |       --- |             --- |
| Block RAM                |     0.006 |        7 |       140 |            5.00 |
| MMCM                     |     0.117 |        1 |         4 |           25.00 |
| DSPs                     |     0.002 |        4 |       220 |            1.81 |
| I/O                      |    <0.001 |       23 |       200 |           11.50 |
| PS7                      |     1.308 |        1 |       --- |             --- |
| Static Power             |     0.152 |          |           |                 |
| Total                    |     1.661 |          |           |                 |
+--------------------------+-----------+----------+-----------+-----------------+


1.2 Power Supply Summary
------------------------

+-----------+-------------+-----------+-------------+------------+
| Source    | Voltage (V) | Total (A) | Dynamic (A) | Static (A) |
+-----------+-------------+-----------+-------------+------------+
| Vccint    |       1.000 |     0.099 |       0.084 |      0.015 |
| Vccaux    |       1.800 |     0.085 |       0.065 |      0.020 |
| Vcco33    |       3.300 |     0.000 |       0.000 |      0.000 |
| Vcco25    |       2.500 |     0.001 |       0.000 |      0.001 |
| Vcco18    |       1.800 |     0.000 |       0.000 |      0.000 |
| Vcco15    |       1.500 |     0.000 |       0.000 |      0.000 |
| Vcco135   |       1.350 |     0.000 |       0.000 |      0.000 |
| Vcco12    |       1.200 |     0.000 |       0.000 |      0.000 |
| Vccaux_io |       1.800 |     0.000 |       0.000 |      0.000 |
| Vccbram   |       1.000 |     0.001 |       0.000 |      0.001 |
| MGTAVcc   |       1.000 |     0.000 |       0.000 |      0.000 |
| MGTAVtt   |       1.200 |     0.000 |       0.000 |      0.000 |
| MGTVccaux |       1.800 |     0.000 |       0.000 |      0.000 |
| Vccpint   |       1.000 |     0.421 |       0.391 |      0.030 |
| Vccpaux   |       1.800 |     0.045 |       0.034 |      0.010 |
| Vccpll    |       1.800 |     0.116 |       0.113 |      0.003 |
| Vcco_ddr  |       1.500 |     0.511 |       0.509 |      0.002 |
| Vcco_mio0 |       1.800 |     0.004 |       0.003 |      0.001 |
| Vcco_mio1 |       1.800 |     0.003 |       0.002 |      0.001 |
| Vccadc    |       1.800 |     0.020 |       0.000 |      0.020 |
+-----------+-------------+-----------+-------------+------------+


1.3 Confidence Level
--------------------

+-----------------------------+------------+------------------------------------------------+------------------------------------------------------------------------------------------------------------+
| User Input Data             | Confidence | Details                                        | Action                                                                                                     |
+-----------------------------+------------+------------------------------------------------+------------------------------------------------------------------------------------------------------------+
| Design implementation state | High       | Design is completely routed                    |                                                                                                            |
| Clock nodes activity        | High       | User specified more than 95% of clocks         |                                                                                                            |
| I/O nodes activity          | High       | User specified more than 95% of inputs         |                                                                                                            |
| Internal nodes activity     | Medium     | User specified less than 25% of internal nodes | Provide missing internal nodes activity with simulation results or by editing the "By Resource Type" views |
| Device models               | High       | Device models are Production                   |                                                                                                            |
|                             |            |                                                |                                                                                                            |
| Overall confidence level    | Medium     |                                                |                                                                                                            |
+-----------------------------+------------+------------------------------------------------+------------------------------------------------------------------------------------------------------------+


2. Settings
-----------

2.1 Environment
---------------

+-----------------------+------------------------+
| Ambient Temp (C)      | 25.0                   |
| ThetaJA (C/W)         | 11.5                   |
| Airflow (LFM)         | 250                    |
| Heat Sink             | none                   |
| ThetaSA (C/W)         | 0.0                    |
| Board Selection       | medium (10"x10")       |
| # of Board Layers     | 8to11 (8 to 11 Layers) |
| Board Temperature (C) | 25.0                   |
+-----------------------+------------------------+


2.2 Clock Constraints
---------------------

+-------------------------------------------------------------+-------------------------------------------------------------+-----------------+
| Clock                                                       | Domain                                                      | Constraint (ns) |
+-------------------------------------------------------------+-------------------------------------------------------------+-----------------+
| tutorial_i/clk_wiz_0/inst/clk_out1                          | tutorial_i/clk_wiz_0/inst/clk_out1                          |             6.7 |
| tutorial_i/clk_wiz_0/inst/clk_out1_tutorial_clk_wiz_0_0     | tutorial_i/clk_wiz_0/inst/clk_out1_tutorial_clk_wiz_0_0     |             6.7 |
| tutorial_i/clk_wiz_0/inst/clkfbout_buf_tutorial_clk_wiz_0_0 | tutorial_i/clk_wiz_0/inst/clkfbout_buf_tutorial_clk_wiz_0_0 |            40.0 |
| tutorial_i/clk_wiz_0/inst/clkfbout_tutorial_clk_wiz_0_0     | tutorial_i/clk_wiz_0/inst/clkfbout_tutorial_clk_wiz_0_0     |            40.0 |
| tutorial_i/processing_system7_0/inst/FCLK_CLK0              | tutorial_i/processing_system7_0/inst/FCLK_CLK0              |            13.0 |
| tutorial_i/processing_system7_0/inst/FCLK_CLK1              | tutorial_i/processing_system7_0/inst/FCLK_CLK1              |             7.0 |
| tutorial_i/processing_system7_0/inst/FCLK_CLK2              | tutorial_i/processing_system7_0/inst/FCLK_CLK2              |            10.0 |
| tutorial_i/processing_system7_0/inst/FCLK_CLK_unbuffered[0] | tutorial_i/processing_system7_0/inst/FCLK_CLK_unbuffered[0] |            13.0 |
| tutorial_i/processing_system7_0/inst/FCLK_CLK_unbuffered[1] | tutorial_i/processing_system7_0/inst/FCLK_CLK_unbuffered[1] |             7.0 |
| tutorial_i/processing_system7_0/inst/FCLK_CLK_unbuffered[2] | tutorial_i/processing_system7_0/inst/FCLK_CLK_unbuffered[2] |            10.0 |
+-------------------------------------------------------------+-------------------------------------------------------------+-----------------+


3. Detailed Reports
-------------------

3.1 By Hierarchy
----------------

+------------------------------------------------------------------------------------------------------------------------------------------------------------------------------------------------------------+-----------+
| Name                                                                                                                                                                                                       | Power (W) |
+------------------------------------------------------------------------------------------------------------------------------------------------------------------------------------------------------------+-----------+
| tutorial_wrapper                                                                                                                                                                                           |     1.509 |
|   tutorial_i                                                                                                                                                                                               |     1.509 |
|     clk_wiz_0                                                                                                                                                                                              |     0.117 |
|       inst                                                                                                                                                                                                 |     0.117 |
|     processing_system7_0                                                                                                                                                                                   |     1.309 |
|       inst                                                                                                                                                                                                 |     1.309 |
|     processing_system7_0_axi_periph                                                                                                                                                                        |     0.004 |
|       s00_couplers/auto_pc                                                                                                                                                                                 |     0.004 |
|       xbar                                                                                                                                                                                                 |    <0.001 |
|     rst_processing_system7_0_100M                                                                                                                                                                          |    <0.001 |
|       U0                                                                                                                                                                                                   |    <0.001 |
|     zed_hdmi_display                                                                                                                                                                                       |     0.076 |
|       axi_mem_intercon                                                                                                                                                                                     |     0.001 |
|         s00_couplers/auto_pc                                                                                                                                                                               |     0.001 |
|           inst/gen_axi4_axi3.axi3_conv_inst/USE_READ.USE_SPLIT_R.read_addr_inst/USE_R_CHANNEL.cmd_queue/inst/fifo_gen_inst/inst_fifo_gen/gconvfifo.rf/grf.rf/gntv_or_sync_fifo.mem/gdm.dm/RAM_reg_0_31_0_0 |    <0.001 |
|       axi_vdma_0                                                                                                                                                                                           |     0.019 |
|         U0                                                                                                                                                                                                 |     0.019 |
|       axis_subset_converter_0                                                                                                                                                                              |     0.000 |
|       gnd                                                                                                                                                                                                  |     0.000 |
|       proc_sys_reset                                                                                                                                                                                       |    <0.001 |
|         U0                                                                                                                                                                                                 |    <0.001 |
|       v_axi4s_vid_out_0                                                                                                                                                                                    |     0.005 |
|         inst                                                                                                                                                                                               |     0.005 |
|       v_cresample_1                                                                                                                                                                                        |     0.006 |
|         U0                                                                                                                                                                                                 |     0.006 |
|           obsabeireagdzmj4jtr52igusp4ehac2r4edpykictx2io2putxm1pw1zrtpvgzjzpyq2mcddp4ehkqq0eiqcmjhhfcpureeyssiiusoj5cdjqim5eiqn4nptn54npth                                                                 |    <0.001 |
|           obsabeireagdzmj4jtr52igusp4ehac2r4hfcp2febj14ehoglnh5jhozw5nxtdg5knsts5rbyyegg52iovbbuiraeysooke5jcijrfeqrje2t4egtaqz4ira1205g1521optob                                                          |    <0.001 |
|           obsfbeireagdzmj4jtr52igusp4ehac2r4edpykictx2io2putxm1pw1zrtpvgzjzpyq2mcddp4ehkqq0eiqcmjhhfcpureeyssiiusoj5cdjqim5eiqn4nptn54nyxzy3                                                               |    <0.001 |
|           obsfbeireagdzmj4jtr52igusp4ehac2r4edpykictx2io2putxm1pw1zrtpvgzjzpyq2mcddp4ehkqq0eiqcmjhhfcpureeyssiiusoj5cdjqim5eiqn4nptn54qptnl                                                                |    <0.001 |
|           obsfbeireagdzmj4jtr52igusp4ehac2r4hfcp2febj14ehoglnh5jhozw5nxtdg5knsts5rbyyegg52iovbbuiraeysooke5jcijrfeqrje2t4egtaqz4ira1205g15205hd                                                            |    <0.001 |
|           obsibeireagdzmj4jtr52igusp4ehac2r4hfcp2febj14ehoglnh5jhozw5nxtdg5knsts5rbyyegg52iovbbuiraeysooke5jcijrfeqrje2t4egtaqz4ira1205g153a5g1d                                                           |    <0.001 |
|           obsn2pxgzhumx0nx0152iocfizz5cdi3mtn5yq2gbeseam                                                                                                                                                   |    <0.001 |
|           obsnbeireagdzmj4jtr52igusp4ehac2r4edpykictx2io2putxm1pw1zrtpvgzjzpyq2mcddp4ehkqq0eiqcmjhhfcpureeyssiiusoj5cdjqim5eiqn4nptn54nxhzxb                                                               |    <0.001 |
|           obsnbeireagdzmj4jtr52igusp4ehac2r4edpykictx2io2putxm1pw1zrtpvgzjzpyq2mcddp4ehkqq0eiqcmjhhfcpureeyssiiusoj5cdjqim5eiqn4nptn54ohxzy5                                                               |    <0.001 |
|       v_rgb2ycrcb_0                                                                                                                                                                                        |     0.007 |
|         U0                                                                                                                                                                                                 |     0.007 |
|           obsairqfyybeiid4jtr52igusp4ehac2r4edpykictx2io2putxm1pw1zrtpvgzjzpyq2mcddp4ehkqq0eiqcmjhhfcpureeyssiiusoj5cdjqim5eiqn4nptn54nxhzxb                                                               |    <0.001 |
|           obsairqfyybeiid4jtr52igusp4ehac2r4edpykictx2io2putxm1pw1zrtpvgzjzpyq2mcddp4ehkqq0eiqcmjhhfcpureeyssiiusoj5cdjqim5eiqn4nptn54ohxzy5                                                               |    <0.001 |
|           obsairqfyybeiid4jtr52igusp4ehcbvgcheit4ehaamh4annl2bs0x0v5cdsree5biacreax2inaaymir                                                                                                               |    <0.001 |
|             obsfirag                                                                                                                                                                                       |    <0.001 |
|           obsairqfyybeiid4jtr52igusp4ehcbvgcheit4ehesqd405h2iokeqt2faakeqc5rbuadbrcb                                                                                                                       |    <0.001 |
|             obsfirag                                                                                                                                                                                       |    <0.001 |
|           obsairqfyybeiid4jtr52igusp4ehcbvgcheit4ehfl12maatr15cdjqac5auxm                                                                                                                                  |    <0.001 |
|             obsaitip2abqd                                                                                                                                                                                  |     0.000 |
|           obsfirqfyybeiid4jtr52igusp4ehac2r4hfcp2febj14ehoglnh5jhozw5nxtdg5knsts5rbyyegg52iovbbuiraeysooke5jcijrfeqrje2t4egtaqz4ira1205g1522pptrp                                                          |    <0.001 |
|           obsfirqfyybeiid4jtr52igusp4ehac2r4hfcp2febj14ehoglnh5jhozw5nxtdg5knsts5rbyyegg52iovbbuiraeysooke5jcijrfeqrje2t4egtaqz4ira1205g153a5g1d                                                           |    <0.001 |
|           obsfirqfyybeiid4jtr52igusp4ehcbvgcheit4ehesqd400x2iokeqt2faakeqc5rbuadbrcb                                                                                                                       |    <0.001 |
|             obsfirag                                                                                                                                                                                       |    <0.001 |
|           obsfirqfyybeiid4jtr52igusp4ehcbvgcheit4ehfl12maatr15cdjqac5awxm                                                                                                                                  |    <0.001 |
|             obsaitip2abqd                                                                                                                                                                                  |     0.000 |
|           obsfirqfyybeiid4jtr52igusp4ehcbvgcheit4ehghy0eca0l2rhfbuh5cdke2ugq51z5cdqagdcep2iokeqt2faakeqc5rbuadbrcb                                                                                         |    <0.001 |
|             obsfirag                                                                                                                                                                                       |    <0.001 |
|           obsiirqfyybeiid4jtr52igusp4ehac2r4edpykictx2io2putxm1pw1zrtpvgzjzpyq2mcddp4ehkqq0eiqcmjhhfcpureeyssiiusoj5cdjqim5eiqn4nptn54nyxzy3                                                               |    <0.001 |
|           obsiirqfyybeiid4jtr52igusp4ehac2r4edpykictx2io2putxm1pw1zrtpvgzjzpyq2mcddp4ehkqq0eiqcmjhhfcpureeyssiiusoj5cdjqim5eiqn4nptn54qptnl                                                                |    <0.001 |
|           obsiirqfyybeiid4jtr52igusp4ehac2r4hfcp2febj14ehoglnh5jhozw5nxtdg5knsts5rbyyegg52iovbbuiraeysooke5jcijrfeqrje2t4egtaqz4ira1205g15205hd                                                            |    <0.001 |
|           obsiirqfyybeiid4jtr52igusp4ehcbvgcheit4ehesqd4s0x2iokeqt2faakeqc5rbuadbrcb                                                                                                                       |    <0.001 |
|             obsfirag                                                                                                                                                                                       |    <0.001 |
|           obsnirqfyybeiid4jtr52igusp4ehac2r4edpykictx2io2putxm1pw1zrtpvgzjzpyq2mcddp4ehkqq0eiqcmjhhfcpureeyssiiusoj5cdjqim5eiqn4nptn54npth                                                                 |    <0.001 |
|           obsnirqfyybeiid4jtr52igusp4ehac2r4hfcp2febj14ehoglnh5jhozw5nxtdg5knsts5rbyyegg52iovbbuiraeysooke5jcijrfeqrje2t4egtaqz4ira1205g1521optob                                                          |    <0.001 |
|           obsnirqfyybeiid4jtr52igusp4ehac2r4hfcp2febj14ehoglnh5jhozw5nxtdg5knsts5rbyyegg52iovbbuiraeysooke5jcijrfeqrje2t4egtaqz4ira1205g1521rptrn                                                          |    <0.001 |
|           obsnirqfyybeiid4jtr52igusp4ehcbvgcheit4ehesqd4s5h2iokeqt2faakeqc5rbuadbrcb                                                                                                                       |    <0.001 |
|             obsfirag                                                                                                                                                                                       |    <0.001 |
|           obsnirqfyybeiid4jtr52igusp4ehcbvgcheit4ehfl12maatp4egtcqwt5aezb                                                                                                                                  |     0.001 |
|             obsaitip2abqd                                                                                                                                                                                  |     0.000 |
|       v_tc_0                                                                                                                                                                                               |     0.037 |
|         U0                                                                                                                                                                                                 |     0.037 |
|           U_VIDEO_CTRL/AXI4_LITE_INTERFACE.SYNC2PROCCLK_I                                                                                                                                                  |    <0.001 |
|           U_VIDEO_CTRL/AXI4_LITE_INTERFACE.SYNC2VIDCLK_I                                                                                                                                                   |     0.003 |
|       vcc                                                                                                                                                                                                  |     0.000 |
|       zed_hdmi_out_0                                                                                                                                                                                       |    <0.001 |
|     zed_hdmi_iic_0                                                                                                                                                                                         |     0.002 |
|       U0                                                                                                                                                                                                   |     0.002 |
|   zed_hdmi_iic_scl_iobuf                                                                                                                                                                                   |     0.000 |
|   zed_hdmi_iic_sda_iobuf                                                                                                                                                                                   |     0.000 |
+------------------------------------------------------------------------------------------------------------------------------------------------------------------------------------------------------------+-----------+


