#-----------------------------------------------------------
# Vivado v2013.4 (64-bit)
# SW Build 353583 on Mon Dec  9 17:26:26 MST 2013
# IP Build 208076 on Mon Dec  2 12:38:17 MST 2013
# Start of session at: Tue May  1 16:20:34 2018
# Process ID: 3078
# Log file: /home/xyin/Embedded_System_Lab/Lab2_3/vivado.log
# Journal file: /home/xyin/Embedded_System_Lab/Lab2_3/vivado.jou
#-----------------------------------------------------------
Attempting to get a license: Implementation
WARNING: [Common 17-301] Failed to get a license: Implementation
WARNING: [Vivado 15-19] WARNING: No 'Implementation' license found. This message may be safely ignored if a Vivado WebPACK or device-locked license, common for board kits, will be used during implementation.

Attempting to get a license: Synthesis
WARNING: [Common 17-301] Failed to get a license: Synthesis
Loading parts and site information from /opt/Xilinx/Vivado/2013.4/data/parts/arch.xml
Parsing RTL primitives file [/opt/Xilinx/Vivado/2013.4/data/parts/xilinx/rtl/prims/rtl_prims.xml]
Finished parsing RTL primitives file [/opt/Xilinx/Vivado/2013.4/data/parts/xilinx/rtl/prims/rtl_prims.xml]
start_gui
WARNING: [Vivado 15-19] WARNING: No 'Implementation' license found. This message may be safely ignored if a Vivado WebPACK or device-locked license, common for board kits, will be used during implementation.

create_project vivado /home/xyin/Embedded_System_Lab/Lab2_3/vivado -part xc7z020clg484-1
set_property board em.avnet.com:zynq:zed:d [current_project]
set_property constrs_type XDC [current_fileset -constrset]
INFO: [Project 1-11] Changing the constrs_type of fileset 'constrs_1' to 'XDC'.
exit
INFO: [Common 17-206] Exiting Vivado at Tue May  1 17:12:57 2018...
