
*** Running vivado
    with args -log design_Lab1_2_1_wrapper.rdi -applog -m64 -messageDb vivado.pb -mode batch -source design_Lab1_2_1_wrapper.tcl -notrace


****** Vivado v2013.4 (64-bit)
  **** SW Build 353583 on Mon Dec  9 17:26:26 MST 2013
  **** IP Build 208076 on Mon Dec  2 12:38:17 MST 2013
    ** Copyright 1986-1999, 2001-2013 Xilinx, Inc. All Rights Reserved.

Attempting to get a license: Implementation
WARNING: [Common 17-301] Failed to get a license: Implementation
WARNING: [Vivado 15-19] WARNING: No 'Implementation' license found. This message may be safely ignored if a Vivado WebPACK or device-locked license, common for board kits, will be used during implementation.

Attempting to get a license: Synthesis
WARNING: [Common 17-301] Failed to get a license: Synthesis
Loading parts and site information from /opt/Xilinx/Vivado/2013.4/data/parts/arch.xml
Parsing RTL primitives file [/opt/Xilinx/Vivado/2013.4/data/parts/xilinx/rtl/prims/rtl_prims.xml]
Finished parsing RTL primitives file [/opt/Xilinx/Vivado/2013.4/data/parts/xilinx/rtl/prims/rtl_prims.xml]
source design_Lab1_2_1_wrapper.tcl -notrace
Command: open_checkpoint /home/xyin/project_1_2_1/project_1_2_1.runs/impl_1/design_Lab1_2_1_wrapper.dcp
INFO: [Netlist 29-17] Analyzing 13 Unisim elements for replacement
INFO: [Netlist 29-28] Unisim Transformation completed in 0 CPU seconds
INFO: [Project 1-479] Netlist was created with Vivado 2013.4
Loading clock regions from /opt/Xilinx/Vivado/2013.4/data/parts/xilinx/zynq/zynq/xc7z020/ClockRegion.xml
Loading clock buffers from /opt/Xilinx/Vivado/2013.4/data/parts/xilinx/zynq/zynq/xc7z020/ClockBuffers.xml
Loading clock placement rules from /opt/Xilinx/Vivado/2013.4/data/parts/xilinx/zynq/ClockPlacerRules.xml
Loading package pin functions from /opt/Xilinx/Vivado/2013.4/data/parts/xilinx/zynq/PinFunctions.xml...
Loading package from /opt/Xilinx/Vivado/2013.4/data/parts/xilinx/zynq/zynq/xc7z020/clg484/Package.xml
Loading io standards from /opt/Xilinx/Vivado/2013.4/data/./parts/xilinx/zynq/IOStandards.xml
Parsing XDC File [/home/xyin/project_1_2_1/project_1_2_1.runs/impl_1/.Xil/Vivado-4719-xyin-ThinkPad-X200/dcp/design_Lab1_2_1_wrapper_board.xdc]
Finished Parsing XDC File [/home/xyin/project_1_2_1/project_1_2_1.runs/impl_1/.Xil/Vivado-4719-xyin-ThinkPad-X200/dcp/design_Lab1_2_1_wrapper_board.xdc]
Parsing XDC File [/home/xyin/project_1_2_1/project_1_2_1.runs/impl_1/.Xil/Vivado-4719-xyin-ThinkPad-X200/dcp/design_Lab1_2_1_wrapper_early.xdc]
Finished Parsing XDC File [/home/xyin/project_1_2_1/project_1_2_1.runs/impl_1/.Xil/Vivado-4719-xyin-ThinkPad-X200/dcp/design_Lab1_2_1_wrapper_early.xdc]
Parsing XDC File [/home/xyin/project_1_2_1/project_1_2_1.runs/impl_1/.Xil/Vivado-4719-xyin-ThinkPad-X200/dcp/design_Lab1_2_1_wrapper.xdc]
Finished Parsing XDC File [/home/xyin/project_1_2_1/project_1_2_1.runs/impl_1/.Xil/Vivado-4719-xyin-ThinkPad-X200/dcp/design_Lab1_2_1_wrapper.xdc]
Reading XDEF placement.
Reading XDEF routing.
Read XDEF File: Time (s): cpu = 00:00:00.04 ; elapsed = 00:00:00.05 . Memory (MB): peak = 1359.281 ; gain = 0.000
Restoring placement.
Restored 152 out of 152 XDEF sites from archive | CPU: 0.080000 secs | Memory: 0.444290 MB |
INFO: [Opt 31-138] Pushed 0 inverter(s).
INFO: [Memdata 28-144] Successfully populated the BRAM INIT strings from the following elf files: 
INFO: [Project 1-111] Unisim Transformation Summary:
No Unisim elements were transformed.

INFO: [Project 1-484] Checkpoint was created with build 353583
open_checkpoint: Time (s): cpu = 00:00:22 ; elapsed = 00:00:23 . Memory (MB): peak = 1360.281 ; gain = 656.781
Command: opt_design
Attempting to get a license for feature 'Implementation' and/or device 'xc7z020'
INFO: [Common 17-349] Got license for feature 'Implementation' and/or device 'xc7z020'
Running DRC as a precondition to command opt_design

Starting DRC Task
INFO: [Drc 23-27] Running DRC with 2 threads
INFO: [Project 1-461] DRC finished with 0 Errors
INFO: [Project 1-462] Please refer to the DRC report (report_drc) for more information.

Time (s): cpu = 00:00:00.17 ; elapsed = 00:00:00.46 . Memory (MB): peak = 1363.285 ; gain = 3.004

Starting Logic Optimization Task
INFO: [Timing 38-35] Done setting XDC timing constraints.

Phase 1 Retarget

INFO: [Opt 31-138] Pushed 0 inverter(s).
INFO: [Opt 31-49] Retargeted 0 cell(s).
Phase 1 Retarget | Checksum: 29665a6ce

Time (s): cpu = 00:00:00.34 ; elapsed = 00:00:00.37 . Memory (MB): peak = 1384.297 ; gain = 21.012

Phase 2 Constant Propagation
INFO: [Opt 31-138] Pushed 0 inverter(s).
INFO: [Opt 31-10] Eliminated 176 cells.
Phase 2 Constant Propagation | Checksum: 1c1609eb5

Time (s): cpu = 00:00:00.75 ; elapsed = 00:00:00.81 . Memory (MB): peak = 1384.297 ; gain = 21.012

Phase 3 Sweep
INFO: [Opt 31-12] Eliminated 210 unconnected nets.
INFO: [Opt 31-11] Eliminated 216 unconnected cells.
Phase 3 Sweep | Checksum: 197c1506b

Time (s): cpu = 00:00:01 ; elapsed = 00:00:01 . Memory (MB): peak = 1384.297 ; gain = 21.012
Ending Logic Optimization Task | Checksum: 197c1506b

Time (s): cpu = 00:00:01 ; elapsed = 00:00:01 . Memory (MB): peak = 1384.297 ; gain = 21.012
Implement Debug Cores | Checksum: 29665a6ce
Logic Optimization | Checksum: 29665a6ce

Starting Power Optimization Task
Ending Power Optimization Task | Checksum: 197c1506b

Time (s): cpu = 00:00:00 ; elapsed = 00:00:00.06 . Memory (MB): peak = 1384.297 ; gain = 0.000
INFO: [Common 17-83] Releasing license: Implementation
19 Infos, 0 Warnings, 0 Critical Warnings and 0 Errors encountered.
opt_design completed successfully
INFO: [Timing 38-35] Done setting XDC timing constraints.
Writing XDEF routing.
Writing XDEF routing logical nets.
Writing XDEF routing special nets.
Write XDEF Complete: Time (s): cpu = 00:00:00.23 ; elapsed = 00:00:00.23 . Memory (MB): peak = 1386.297 ; gain = 1.000
Command: place_design
Attempting to get a license for feature 'Implementation' and/or device 'xc7z020'
INFO: [Common 17-349] Got license for feature 'Implementation' and/or device 'xc7z020'
Running DRC as a precondition to command place_design
INFO: [Drc 23-27] Running DRC with 2 threads
INFO: [Vivado_Tcl 4-198] DRC finished with 0 Errors
INFO: [Vivado_Tcl 4-199] Please refer to the DRC report (report_drc) for more information.

Starting Placer Task
INFO: [Place 30-611] Multithreading enabled for place_design using a maximum of 2 CPUs

Phase 1 Placer Initialization

Phase 1.1 Placer Initialization Core
Netlist sorting complete. Time (s): cpu = 00:00:00 ; elapsed = 00:00:00.01 . Memory (MB): peak = 1389.301 ; gain = 0.000

Phase 1.1.1 Mandatory Logic Optimization
INFO: [Opt 31-140] Inserted 0 IBUFs to IO ports without IO buffers.
INFO: [Opt 31-141] Inserted 0 OBUFs to IO ports without IO buffers.
INFO: [Opt 31-138] Pushed 0 inverter(s).
Netlist sorting complete. Time (s): cpu = 00:00:00.01 ; elapsed = 00:00:00.01 . Memory (MB): peak = 1389.301 ; gain = 0.000
Phase 1.1.1 Mandatory Logic Optimization | Checksum: e50be795

Time (s): cpu = 00:00:00.10 ; elapsed = 00:00:00.14 . Memory (MB): peak = 1389.301 ; gain = 0.004

Phase 1.1.2 Build Super Logic Region (SLR) Database
Phase 1.1.2 Build Super Logic Region (SLR) Database | Checksum: e50be795

Time (s): cpu = 00:00:00.12 ; elapsed = 00:00:00.16 . Memory (MB): peak = 1389.301 ; gain = 0.004

Phase 1.1.3 Add Constraints
Phase 1.1.3 Add Constraints | Checksum: e50be795

Time (s): cpu = 00:00:00.12 ; elapsed = 00:00:00.17 . Memory (MB): peak = 1389.301 ; gain = 0.004

Phase 1.1.4 Build Macros
Phase 1.1.4 Build Macros | Checksum: 1d058893c

Time (s): cpu = 00:00:00.38 ; elapsed = 00:00:00.45 . Memory (MB): peak = 1389.301 ; gain = 0.004

Phase 1.1.5 Implementation Feasibility check
WARNING: [Place 30-12] An IO Bus FIXED_IO_mio with more than one IO standard is found. Components associated with this bus are: 
	FIXED_IO_mio[0] of IOStandard LVCMOS33
	FIXED_IO_mio[1] of IOStandard LVCMOS33
	FIXED_IO_mio[2] of IOStandard LVCMOS33
	FIXED_IO_mio[3] of IOStandard LVCMOS33
	FIXED_IO_mio[4] of IOStandard LVCMOS33
	FIXED_IO_mio[5] of IOStandard LVCMOS33
	FIXED_IO_mio[6] of IOStandard LVCMOS33
	FIXED_IO_mio[7] of IOStandard LVCMOS33
	FIXED_IO_mio[8] of IOStandard LVCMOS33
	FIXED_IO_mio[9] of IOStandard LVCMOS33
	FIXED_IO_mio[10] of IOStandard LVCMOS33
	FIXED_IO_mio[11] of IOStandard LVCMOS33
	FIXED_IO_mio[12] of IOStandard LVCMOS33
	FIXED_IO_mio[13] of IOStandard LVCMOS33
	FIXED_IO_mio[14] of IOStandard LVCMOS33
	FIXED_IO_mio[15] of IOStandard LVCMOS33
	FIXED_IO_mio[16] of IOStandard LVCMOS18
	FIXED_IO_mio[17] of IOStandard LVCMOS18
	FIXED_IO_mio[18] of IOStandard LVCMOS18
	FIXED_IO_mio[19] of IOStandard LVCMOS18
	FIXED_IO_mio[20] of IOStandard LVCMOS18
	FIXED_IO_mio[21] of IOStandard LVCMOS18
	FIXED_IO_mio[22] of IOStandard LVCMOS18
	FIXED_IO_mio[23] of IOStandard LVCMOS18
	FIXED_IO_mio[24] of IOStandard LVCMOS18
	FIXED_IO_mio[25] of IOStandard LVCMOS18
	FIXED_IO_mio[26] of IOStandard LVCMOS18
	FIXED_IO_mio[27] of IOStandard LVCMOS18
	FIXED_IO_mio[28] of IOStandard LVCMOS18
	FIXED_IO_mio[29] of IOStandard LVCMOS18
	FIXED_IO_mio[30] of IOStandard LVCMOS18
	FIXED_IO_mio[31] of IOStandard LVCMOS18
	FIXED_IO_mio[32] of IOStandard LVCMOS18
	FIXED_IO_mio[33] of IOStandard LVCMOS18
	FIXED_IO_mio[34] of IOStandard LVCMOS18
	FIXED_IO_mio[35] of IOStandard LVCMOS18
	FIXED_IO_mio[36] of IOStandard LVCMOS18
	FIXED_IO_mio[37] of IOStandard LVCMOS18
	FIXED_IO_mio[38] of IOStandard LVCMOS18
	FIXED_IO_mio[39] of IOStandard LVCMOS18
	FIXED_IO_mio[40] of IOStandard LVCMOS18
	FIXED_IO_mio[41] of IOStandard LVCMOS18
	FIXED_IO_mio[42] of IOStandard LVCMOS18
	FIXED_IO_mio[43] of IOStandard LVCMOS18
	FIXED_IO_mio[44] of IOStandard LVCMOS18
	FIXED_IO_mio[45] of IOStandard LVCMOS18
	FIXED_IO_mio[46] of IOStandard LVCMOS18
	FIXED_IO_mio[47] of IOStandard LVCMOS18
	FIXED_IO_mio[48] of IOStandard LVCMOS18
	FIXED_IO_mio[49] of IOStandard LVCMOS18
	FIXED_IO_mio[50] of IOStandard LVCMOS18
	FIXED_IO_mio[51] of IOStandard LVCMOS18
	FIXED_IO_mio[52] of IOStandard LVCMOS18
	FIXED_IO_mio[53] of IOStandard LVCMOS18
Phase 1.1.5 Implementation Feasibility check | Checksum: 1d058893c

Time (s): cpu = 00:00:00.54 ; elapsed = 00:00:00.66 . Memory (MB): peak = 1389.301 ; gain = 0.004

Phase 1.1.6 Pre-Place Cells
Phase 1.1.6 Pre-Place Cells | Checksum: 1d058893c

Time (s): cpu = 00:00:00.56 ; elapsed = 00:00:00.74 . Memory (MB): peak = 1389.301 ; gain = 0.004

Phase 1.1.7 IO Placement/ Clock Placement/ Build Placer Device
Phase 1.1.7 IO Placement/ Clock Placement/ Build Placer Device | Checksum: 27ec257c9

Time (s): cpu = 00:00:01 ; elapsed = 00:00:02 . Memory (MB): peak = 1399.301 ; gain = 10.004

Phase 1.1.8 Build Placer Netlist Model

Phase 1.1.8.1 Place Init Design

Phase 1.1.8.1.1 Build Clock Data
Phase 1.1.8.1.1 Build Clock Data | Checksum: 30eb10a78

Time (s): cpu = 00:00:02 ; elapsed = 00:00:03 . Memory (MB): peak = 1401.301 ; gain = 12.004
Phase 1.1.8.1 Place Init Design | Checksum: 281cc2a31

Time (s): cpu = 00:00:02 ; elapsed = 00:00:03 . Memory (MB): peak = 1402.301 ; gain = 13.004
Phase 1.1.8 Build Placer Netlist Model | Checksum: 281cc2a31

Time (s): cpu = 00:00:02 ; elapsed = 00:00:03 . Memory (MB): peak = 1402.301 ; gain = 13.004

Phase 1.1.9 Constrain Clocks/Macros

Phase 1.1.9.1 Constrain Global/Regional Clocks
Phase 1.1.9.1 Constrain Global/Regional Clocks | Checksum: 281cc2a31

Time (s): cpu = 00:00:02 ; elapsed = 00:00:03 . Memory (MB): peak = 1402.301 ; gain = 13.004
Phase 1.1.9 Constrain Clocks/Macros | Checksum: 281cc2a31

Time (s): cpu = 00:00:02 ; elapsed = 00:00:03 . Memory (MB): peak = 1402.301 ; gain = 13.004
Phase 1.1 Placer Initialization Core | Checksum: 281cc2a31

Time (s): cpu = 00:00:02 ; elapsed = 00:00:03 . Memory (MB): peak = 1402.301 ; gain = 13.004
Phase 1 Placer Initialization | Checksum: 281cc2a31

Time (s): cpu = 00:00:02 ; elapsed = 00:00:03 . Memory (MB): peak = 1402.301 ; gain = 13.004

Phase 2 Global Placement

Phase 2.1 Run Budgeter
Phase 2.1 Run Budgeter | Checksum: 2a88d3f8d

Time (s): cpu = 00:00:04 ; elapsed = 00:00:04 . Memory (MB): peak = 1411.301 ; gain = 22.004
Phase 2 Global Placement | Checksum: 2edef1271

Time (s): cpu = 00:00:09 ; elapsed = 00:00:07 . Memory (MB): peak = 1411.301 ; gain = 22.004

Phase 3 Detail Placement

Phase 3.1 Commit Multi Column Macros
Phase 3.1 Commit Multi Column Macros | Checksum: 2edef1271

Time (s): cpu = 00:00:09 ; elapsed = 00:00:07 . Memory (MB): peak = 1411.301 ; gain = 22.004

Phase 3.2 Commit Most Macros & LUTRAMs
Phase 3.2 Commit Most Macros & LUTRAMs | Checksum: 27696ab8b

Time (s): cpu = 00:00:10 ; elapsed = 00:00:08 . Memory (MB): peak = 1419.309 ; gain = 30.012

Phase 3.3 Area Swap Optimization
Phase 3.3 Area Swap Optimization | Checksum: 2603c1c57

Time (s): cpu = 00:00:10 ; elapsed = 00:00:08 . Memory (MB): peak = 1419.309 ; gain = 30.012

Phase 3.4 Timing Path Optimizer
Phase 3.4 Timing Path Optimizer | Checksum: 26dd62f4c

Time (s): cpu = 00:00:10 ; elapsed = 00:00:08 . Memory (MB): peak = 1420.309 ; gain = 31.012

Phase 3.5 Commit Small Macros & Core Logic
Phase 3.5 Commit Small Macros & Core Logic | Checksum: 23d3b0f0d

Time (s): cpu = 00:00:11 ; elapsed = 00:00:09 . Memory (MB): peak = 1433.430 ; gain = 44.133

Phase 3.6 Re-assign LUT pins
Phase 3.6 Re-assign LUT pins | Checksum: 23d3b0f0d

Time (s): cpu = 00:00:11 ; elapsed = 00:00:09 . Memory (MB): peak = 1433.430 ; gain = 44.133
Phase 3 Detail Placement | Checksum: 23d3b0f0d

Time (s): cpu = 00:00:11 ; elapsed = 00:00:09 . Memory (MB): peak = 1433.430 ; gain = 44.133

Phase 4 Post Placement Optimization and Clean-Up

Phase 4.1 PCOPT Shape updates
Phase 4.1 PCOPT Shape updates | Checksum: 19cdfe8d3

Time (s): cpu = 00:00:11 ; elapsed = 00:00:09 . Memory (MB): peak = 1433.430 ; gain = 44.133

Phase 4.2 Post Placement Optimization

Phase 4.2.1 Post Placement Timing Optimization
Phase 4.2.1 Post Placement Timing Optimization | Checksum: 1977b4525

Time (s): cpu = 00:00:11 ; elapsed = 00:00:09 . Memory (MB): peak = 1433.430 ; gain = 44.133
Phase 4.2 Post Placement Optimization | Checksum: 1977b4525

Time (s): cpu = 00:00:11 ; elapsed = 00:00:09 . Memory (MB): peak = 1433.430 ; gain = 44.133

Phase 4.3 Post Placement Cleanup
Phase 4.3 Post Placement Cleanup | Checksum: 1977b4525

Time (s): cpu = 00:00:11 ; elapsed = 00:00:09 . Memory (MB): peak = 1433.430 ; gain = 44.133

Phase 4.4 Placer Reporting

Phase 4.4.1 Congestion Reporting
Phase 4.4.1 Congestion Reporting | Checksum: 1977b4525

Time (s): cpu = 00:00:12 ; elapsed = 00:00:09 . Memory (MB): peak = 1433.430 ; gain = 44.133

Phase 4.4.2 updateTiming final
Phase 4.4.2 updateTiming final | Checksum: 16c931c5d

Time (s): cpu = 00:00:12 ; elapsed = 00:00:09 . Memory (MB): peak = 1433.430 ; gain = 44.133

Phase 4.4.3 Dump Critical Paths 
Phase 4.4.3 Dump Critical Paths  | Checksum: 16c931c5d

Time (s): cpu = 00:00:12 ; elapsed = 00:00:09 . Memory (MB): peak = 1433.430 ; gain = 44.133

Phase 4.4.4 Restore STA
Phase 4.4.4 Restore STA | Checksum: 16c931c5d

Time (s): cpu = 00:00:12 ; elapsed = 00:00:09 . Memory (MB): peak = 1433.430 ; gain = 44.133

Phase 4.4.5 Print Final WNS
INFO: [Place 30-100] Post Placement Timing Summary | WNS=3.885  | TNS=0.000  |

Phase 4.4.5 Print Final WNS | Checksum: 16c931c5d

Time (s): cpu = 00:00:13 ; elapsed = 00:00:10 . Memory (MB): peak = 1433.430 ; gain = 44.133
Phase 4.4 Placer Reporting | Checksum: 16c931c5d

Time (s): cpu = 00:00:13 ; elapsed = 00:00:10 . Memory (MB): peak = 1433.430 ; gain = 44.133

Phase 4.5 Final Placement Cleanup
Phase 4.5 Final Placement Cleanup | Checksum: 126ec8bf2

Time (s): cpu = 00:00:13 ; elapsed = 00:00:10 . Memory (MB): peak = 1433.430 ; gain = 44.133
Phase 4 Post Placement Optimization and Clean-Up | Checksum: 126ec8bf2

Time (s): cpu = 00:00:13 ; elapsed = 00:00:10 . Memory (MB): peak = 1433.430 ; gain = 44.133
Ending Placer Task | Checksum: 1193916b8

Time (s): cpu = 00:00:13 ; elapsed = 00:00:10 . Memory (MB): peak = 1433.430 ; gain = 44.133
INFO: [Common 17-83] Releasing license: Implementation
30 Infos, 1 Warnings, 0 Critical Warnings and 0 Errors encountered.
place_design completed successfully
place_design: Time (s): cpu = 00:00:13 ; elapsed = 00:00:10 . Memory (MB): peak = 1433.430 ; gain = 47.129
INFO: [Timing 38-163] DEBUG : Generate clock report | CPU: 0.26 secs 

report_utilization: Time (s): cpu = 00:00:00.13 ; elapsed = 00:00:00.17 . Memory (MB): peak = 1436.430 ; gain = 0.000
INFO: [Designutils 20-134] DEBUG : Generate Control Sets report | CPU: 0.11 secs 
Writing XDEF routing.
Writing XDEF routing logical nets.
Writing XDEF routing special nets.
Write XDEF Complete: Time (s): cpu = 00:00:00.32 ; elapsed = 00:00:00.32 . Memory (MB): peak = 1436.434 ; gain = 0.000
Command: route_design
Attempting to get a license for feature 'Implementation' and/or device 'xc7z020'
INFO: [Common 17-349] Got license for feature 'Implementation' and/or device 'xc7z020'
Running DRC as a precondition to command route_design
INFO: [Drc 23-27] Running DRC with 2 threads
INFO: [Vivado_Tcl 4-198] DRC finished with 0 Errors, 1 Warnings
INFO: [Vivado_Tcl 4-199] Please refer to the DRC report (report_drc) for more information.


Starting Routing Task
INFO: [Route 35-254] Multithreading enabled for route_design using a maximum of 2 CPUs

Starting Route Task

Phase 1 Build RT Design

Phase 1.1 Build Netlist & NodeGraph
Phase 1.1 Build Netlist & NodeGraph | Checksum: 1193916b8

Time (s): cpu = 00:00:32 ; elapsed = 00:00:25 . Memory (MB): peak = 1568.969 ; gain = 114.539
Phase 1 Build RT Design | Checksum: 96fcca70

Time (s): cpu = 00:00:32 ; elapsed = 00:00:25 . Memory (MB): peak = 1568.969 ; gain = 114.539

Phase 2 Router Initialization

Phase 2.1 Create Timer
Phase 2.1 Create Timer | Checksum: 96fcca70

Time (s): cpu = 00:00:32 ; elapsed = 00:00:25 . Memory (MB): peak = 1568.973 ; gain = 114.543

Phase 2.2 Restore Routing
Phase 2.2 Restore Routing | Checksum: 96fcca70

Time (s): cpu = 00:00:32 ; elapsed = 00:00:26 . Memory (MB): peak = 1580.023 ; gain = 125.594

Phase 2.3 Special Net Routing
 Number of Nodes with overlaps = 0
Phase 2.3 Special Net Routing | Checksum: 8eee6145

Time (s): cpu = 00:00:32 ; elapsed = 00:00:26 . Memory (MB): peak = 1601.023 ; gain = 146.594

Phase 2.4 Local Clock Net Routing
Phase 2.4 Local Clock Net Routing | Checksum: 8eee6145

Time (s): cpu = 00:00:32 ; elapsed = 00:00:26 . Memory (MB): peak = 1601.023 ; gain = 146.594

Phase 2.5 Update Timing

Phase 2.5.1 Update timing with NCN CRPR

Phase 2.5.1.1 Hold Budgeting
Phase 2.5.1.1 Hold Budgeting | Checksum: 8eee6145

Time (s): cpu = 00:00:33 ; elapsed = 00:00:27 . Memory (MB): peak = 1601.023 ; gain = 146.594
Phase 2.5.1 Update timing with NCN CRPR | Checksum: 8eee6145

Time (s): cpu = 00:00:33 ; elapsed = 00:00:27 . Memory (MB): peak = 1601.023 ; gain = 146.594
Phase 2.5 Update Timing | Checksum: 8eee6145

Time (s): cpu = 00:00:33 ; elapsed = 00:00:27 . Memory (MB): peak = 1601.023 ; gain = 146.594
INFO: [Route 35-57] Estimated Timing Summary | WNS=3.95   | TNS=0      | WHS=-0.194 | THS=-20.7  |


Phase 2.6 Budgeting
Phase 2.6 Budgeting | Checksum: 8eee6145

Time (s): cpu = 00:00:34 ; elapsed = 00:00:27 . Memory (MB): peak = 1601.023 ; gain = 146.594
Phase 2 Router Initialization | Checksum: 8eee6145

Time (s): cpu = 00:00:34 ; elapsed = 00:00:27 . Memory (MB): peak = 1601.023 ; gain = 146.594

Phase 3 Initial Routing
Phase 3 Initial Routing | Checksum: a7cf8510

Time (s): cpu = 00:00:34 ; elapsed = 00:00:27 . Memory (MB): peak = 1601.023 ; gain = 146.594

Phase 4 Rip-up And Reroute

Phase 4.1 Global Iteration 0

Phase 4.1.1 Remove Overlaps
 Number of Nodes with overlaps = 93
 Number of Nodes with overlaps = 1
 Number of Nodes with overlaps = 0
Phase 4.1.1 Remove Overlaps | Checksum: f94ab325

Time (s): cpu = 00:00:35 ; elapsed = 00:00:27 . Memory (MB): peak = 1601.023 ; gain = 146.594

Phase 4.1.2 Update Timing
Phase 4.1.2 Update Timing | Checksum: f94ab325

Time (s): cpu = 00:00:35 ; elapsed = 00:00:28 . Memory (MB): peak = 1601.023 ; gain = 146.594
INFO: [Route 35-57] Estimated Timing Summary | WNS=4.09   | TNS=0      | WHS=N/A    | THS=N/A    |


Phase 4.1.3 collectNewHoldAndFix
Phase 4.1.3 collectNewHoldAndFix | Checksum: 1667efec8

Time (s): cpu = 00:00:35 ; elapsed = 00:00:28 . Memory (MB): peak = 1601.023 ; gain = 146.594
Phase 4.1 Global Iteration 0 | Checksum: 1667efec8

Time (s): cpu = 00:00:35 ; elapsed = 00:00:28 . Memory (MB): peak = 1601.023 ; gain = 146.594

Phase 4.2 Global Iteration 1

Phase 4.2.1 Remove Overlaps
 Number of Nodes with overlaps = 0
Phase 4.2.1 Remove Overlaps | Checksum: caf74a65

Time (s): cpu = 00:00:35 ; elapsed = 00:00:28 . Memory (MB): peak = 1601.023 ; gain = 146.594

Phase 4.2.2 Update Timing
Phase 4.2.2 Update Timing | Checksum: caf74a65

Time (s): cpu = 00:00:35 ; elapsed = 00:00:28 . Memory (MB): peak = 1601.023 ; gain = 146.594
INFO: [Route 35-57] Estimated Timing Summary | WNS=4.09   | TNS=0      | WHS=N/A    | THS=N/A    |


Phase 4.2.3 collectNewHoldAndFix
Phase 4.2.3 collectNewHoldAndFix | Checksum: caf74a65

Time (s): cpu = 00:00:35 ; elapsed = 00:00:28 . Memory (MB): peak = 1601.023 ; gain = 146.594
Phase 4.2 Global Iteration 1 | Checksum: caf74a65

Time (s): cpu = 00:00:35 ; elapsed = 00:00:28 . Memory (MB): peak = 1601.023 ; gain = 146.594
Phase 4 Rip-up And Reroute | Checksum: caf74a65

Time (s): cpu = 00:00:35 ; elapsed = 00:00:28 . Memory (MB): peak = 1601.023 ; gain = 146.594

Phase 5 Delay CleanUp

Phase 5.1 Update Timing
Phase 5.1 Update Timing | Checksum: caf74a65

Time (s): cpu = 00:00:35 ; elapsed = 00:00:28 . Memory (MB): peak = 1601.023 ; gain = 146.594
INFO: [Route 35-57] Estimated Timing Summary | WNS=4.11   | TNS=0      | WHS=N/A    | THS=N/A    |

Phase 5 Delay CleanUp | Checksum: caf74a65

Time (s): cpu = 00:00:35 ; elapsed = 00:00:28 . Memory (MB): peak = 1601.023 ; gain = 146.594

Phase 6 Post Hold Fix

Phase 6.1 Full Hold Analysis

Phase 6.1.1 Update Timing
Phase 6.1.1 Update Timing | Checksum: caf74a65

Time (s): cpu = 00:00:36 ; elapsed = 00:00:28 . Memory (MB): peak = 1601.023 ; gain = 146.594
INFO: [Route 35-57] Estimated Timing Summary | WNS=4.11   | TNS=0      | WHS=0.052  | THS=0      |

Phase 6.1 Full Hold Analysis | Checksum: caf74a65

Time (s): cpu = 00:00:36 ; elapsed = 00:00:28 . Memory (MB): peak = 1601.023 ; gain = 146.594
Phase 6 Post Hold Fix | Checksum: caf74a65

Time (s): cpu = 00:00:36 ; elapsed = 00:00:28 . Memory (MB): peak = 1601.023 ; gain = 146.594

Router Utilization Summary
  Global Vertical Routing Utilization    = 0.208709 %
  Global Horizontal Routing Utilization  = 0.292934 %
  Routable Net Status*
  *Does not include unroutable nets such as driverless and loadless.
  Run report_route_status for detailed report.
  Number of Failed Nets               = 0
  Number of Unrouted Nets             = 0
  Number of Partially Routed Nets     = 0
  Number of Node Overlaps             = 0


Phase 7 Verifying routed nets

 Verification completed successfully
Phase 7 Verifying routed nets | Checksum: caf74a65

Time (s): cpu = 00:00:36 ; elapsed = 00:00:28 . Memory (MB): peak = 1601.023 ; gain = 146.594

Phase 8 Depositing Routes
Phase 8 Depositing Routes | Checksum: 12cc187df

Time (s): cpu = 00:00:36 ; elapsed = 00:00:28 . Memory (MB): peak = 1601.023 ; gain = 146.594

Phase 9 Post Router Timing
INFO: [Route 35-20] Post Routing Timing Summary | WNS=4.108  | TNS=0.000  | WHS=0.055  | THS=0.000  |

INFO: [Route 35-61] The design met the timing requirement.
Phase 9 Post Router Timing | Checksum: 12cc187df

Time (s): cpu = 00:00:37 ; elapsed = 00:00:29 . Memory (MB): peak = 1601.023 ; gain = 146.594
INFO: [Route 35-16] Router Completed Successfully
Ending Route Task | Checksum: 12cc187df

Time (s): cpu = 00:00:37 ; elapsed = 00:00:29 . Memory (MB): peak = 1601.023 ; gain = 146.594

Routing Is Done.

Time (s): cpu = 00:00:37 ; elapsed = 00:00:29 . Memory (MB): peak = 1626.961 ; gain = 172.531
INFO: [Common 17-83] Releasing license: Implementation
46 Infos, 1 Warnings, 0 Critical Warnings and 0 Errors encountered.
route_design completed successfully
route_design: Time (s): cpu = 00:00:38 ; elapsed = 00:00:30 . Memory (MB): peak = 1626.961 ; gain = 190.527
INFO: [Drc 23-27] Running DRC with 2 threads
INFO: [Coretcl 2-168] The results of DRC are in file /home/xyin/project_1_2_1/project_1_2_1.runs/impl_1/design_Lab1_2_1_wrapper_drc_routed.rpt.
Running Vector-less Activity Propagation...

Finished Running Vector-less Activity Propagation
INFO: [Timing 38-91] UpdateTimingParams: Speed grade: -1, Delay Type: min_max, Constraints type: SDC.
INFO: [Timing 38-191] Multithreading enabled for timing update using a maximum of 2 CPUs
Writing XDEF routing.
Writing XDEF routing logical nets.
Writing XDEF routing special nets.
Write XDEF Complete: Time (s): cpu = 00:00:00.39 ; elapsed = 00:00:00.40 . Memory (MB): peak = 1634.883 ; gain = 0.000
Attempting to get a license for feature 'Implementation' and/or device 'xc7z020'
INFO: [Common 17-349] Got license for feature 'Implementation' and/or device 'xc7z020'
Running DRC as a precondition to command write_bitstream
INFO: [Drc 23-27] Running DRC with 2 threads
INFO: [Vivado 12-3199] DRC finished with 0 Errors, 131 Warnings, 1 Advisories
INFO: [Vivado 12-3200] Please refer to the DRC report (report_drc) for more information.
Loading data files...
Loading site data...
Loading route data...
Processing options...
Creating bitmap...
Creating bitstream...
Writing bitstream ./design_Lab1_2_1_wrapper.bit...
INFO: [Vivado 12-1842] Bitgen Completed Successfully.
INFO: [Project 1-118] WebTalk data collection is enabled (User setting is ON. Install Setting is ON.).
INFO: [Common 17-186] '/home/xyin/project_1_2_1/project_1_2_1.runs/impl_1/usage_statistics_webtalk.xml' has been successfully sent to Xilinx on Tue Mar 27 19:25:03 2018. For additional details about this file, please refer to the WebTalk help file at /opt/Xilinx/Vivado/2013.4/doc/webtalk_introduction.html.
INFO: [Common 17-83] Releasing license: Implementation
write_bitstream: Time (s): cpu = 00:00:26 ; elapsed = 00:00:29 . Memory (MB): peak = 1865.102 ; gain = 230.219
INFO: [Common 17-206] Exiting Vivado at Tue Mar 27 19:25:03 2018...
